{"/home/jamezjaz/Microverse_Projects/Platform_Game/src/Model.js": {"path":"/home/jamezjaz/Microverse_Projects/Platform_Game/src/Model.js","statementMap":{"0":{"start":{"line":3,"column":4},"end":{"line":3,"column":25}},"1":{"start":{"line":4,"column":4},"end":{"line":4,"column":25}},"2":{"start":{"line":5,"column":4},"end":{"line":5,"column":33}},"3":{"start":{"line":9,"column":4},"end":{"line":9,"column":26}},"4":{"start":{"line":13,"column":4},"end":{"line":13,"column":25}},"5":{"start":{"line":17,"column":4},"end":{"line":17,"column":26}},"6":{"start":{"line":21,"column":4},"end":{"line":21,"column":25}},"7":{"start":{"line":25,"column":4},"end":{"line":25,"column":33}},"8":{"start":{"line":29,"column":4},"end":{"line":29,"column":32}}},"fnMap":{"0":{"name":"(anonymous_0)","decl":{"start":{"line":2,"column":2},"end":{"line":2,"column":3}},"loc":{"start":{"line":2,"column":16},"end":{"line":6,"column":3}},"line":2},"1":{"name":"(anonymous_1)","decl":{"start":{"line":8,"column":2},"end":{"line":8,"column":3}},"loc":{"start":{"line":8,"column":21},"end":{"line":10,"column":3}},"line":8},"2":{"name":"(anonymous_2)","decl":{"start":{"line":12,"column":2},"end":{"line":12,"column":3}},"loc":{"start":{"line":12,"column":16},"end":{"line":14,"column":3}},"line":12},"3":{"name":"(anonymous_3)","decl":{"start":{"line":16,"column":2},"end":{"line":16,"column":3}},"loc":{"start":{"line":16,"column":21},"end":{"line":18,"column":3}},"line":16},"4":{"name":"(anonymous_4)","decl":{"start":{"line":20,"column":2},"end":{"line":20,"column":3}},"loc":{"start":{"line":20,"column":16},"end":{"line":22,"column":3}},"line":20},"5":{"name":"(anonymous_5)","decl":{"start":{"line":24,"column":2},"end":{"line":24,"column":3}},"loc":{"start":{"line":24,"column":28},"end":{"line":26,"column":3}},"line":24},"6":{"name":"(anonymous_6)","decl":{"start":{"line":28,"column":2},"end":{"line":28,"column":3}},"loc":{"start":{"line":28,"column":23},"end":{"line":30,"column":3}},"line":28}},"branchMap":{},"s":{"0":0,"1":0,"2":0,"3":0,"4":0,"5":0,"6":0,"7":0,"8":0},"f":{"0":0,"1":0,"2":0,"3":0,"4":0,"5":0,"6":0},"b":{},"_coverageSchema":"1a1c01bbd47fc00a2c39e90264f33305004495a9","hash":"4c706b6f2d213595bca71e0c886987869b73e659"}
,"/home/jamezjaz/Microverse_Projects/Platform_Game/src/modules/scoreAPI.js": {"path":"/home/jamezjaz/Microverse_Projects/Platform_Game/src/modules/scoreAPI.js","statementMap":{"0":{"start":{"line":1,"column":19},"end":{"line":55,"column":5}},"1":{"start":{"line":4,"column":16},"end":{"line":4,"column":38}},"2":{"start":{"line":5,"column":16},"end":{"line":5,"column":101}},"3":{"start":{"line":6,"column":17},"end":{"line":6,"column":19}},"4":{"start":{"line":10,"column":21},"end":{"line":10,"column":25}},"5":{"start":{"line":11,"column":6},"end":{"line":25,"column":7}},"6":{"start":{"line":12,"column":25},"end":{"line":19,"column":10}},"7":{"start":{"line":21,"column":21},"end":{"line":21,"column":42}},"8":{"start":{"line":22,"column":8},"end":{"line":22,"column":19}},"9":{"start":{"line":24,"column":8},"end":{"line":24,"column":60}},"10":{"start":{"line":29,"column":6},"end":{"line":35,"column":7}},"11":{"start":{"line":30,"column":25},"end":{"line":30,"column":41}},"12":{"start":{"line":31,"column":21},"end":{"line":31,"column":42}},"13":{"start":{"line":32,"column":8},"end":{"line":32,"column":19}},"14":{"start":{"line":34,"column":8},"end":{"line":34,"column":27}},"15":{"start":{"line":38,"column":23},"end":{"line":41,"column":5}},"16":{"start":{"line":39,"column":6},"end":{"line":39,"column":22}},"17":{"start":{"line":40,"column":6},"end":{"line":40,"column":24}},"18":{"start":{"line":43,"column":24},"end":{"line":46,"column":5}},"19":{"start":{"line":44,"column":6},"end":{"line":44,"column":24}},"20":{"start":{"line":45,"column":6},"end":{"line":45,"column":25}},"21":{"start":{"line":48,"column":4},"end":{"line":53,"column":5}}},"fnMap":{"0":{"name":"(anonymous_0)","decl":{"start":{"line":1,"column":19},"end":{"line":1,"column":20}},"loc":{"start":{"line":1,"column":30},"end":{"line":55,"column":3}},"line":1},"1":{"name":"postScores","decl":{"start":{"line":9,"column":19},"end":{"line":9,"column":29}},"loc":{"start":{"line":9,"column":31},"end":{"line":26,"column":5}},"line":9},"2":{"name":"getScores","decl":{"start":{"line":28,"column":19},"end":{"line":28,"column":28}},"loc":{"start":{"line":28,"column":30},"end":{"line":36,"column":5}},"line":28},"3":{"name":"(anonymous_3)","decl":{"start":{"line":38,"column":23},"end":{"line":38,"column":24}},"loc":{"start":{"line":38,"column":33},"end":{"line":41,"column":5}},"line":38},"4":{"name":"(anonymous_4)","decl":{"start":{"line":43,"column":24},"end":{"line":43,"column":25}},"loc":{"start":{"line":43,"column":35},"end":{"line":46,"column":5}},"line":43}},"branchMap":{},"s":{"0":1,"1":1,"2":1,"3":1,"4":5,"5":5,"6":5,"7":0,"8":0,"9":5,"10":2,"11":2,"12":0,"13":0,"14":2,"15":1,"16":0,"17":0,"18":1,"19":0,"20":0,"21":1},"f":{"0":1,"1":5,"2":2,"3":0,"4":0},"b":{},"_coverageSchema":"1a1c01bbd47fc00a2c39e90264f33305004495a9","hash":"220b210851772dcb6e35d312a65e898cc93e26cb"}
}
