{"/home/jamezjaz/Microverse_Projects/Platform_Game/src/Model.js": {"path":"/home/jamezjaz/Microverse_Projects/Platform_Game/src/Model.js","statementMap":{"0":{"start":{"line":3,"column":4},"end":{"line":3,"column":25}},"1":{"start":{"line":4,"column":4},"end":{"line":4,"column":25}},"2":{"start":{"line":5,"column":4},"end":{"line":5,"column":33}},"3":{"start":{"line":9,"column":4},"end":{"line":9,"column":26}},"4":{"start":{"line":13,"column":4},"end":{"line":13,"column":25}},"5":{"start":{"line":17,"column":4},"end":{"line":17,"column":26}},"6":{"start":{"line":21,"column":4},"end":{"line":21,"column":25}},"7":{"start":{"line":25,"column":4},"end":{"line":25,"column":33}},"8":{"start":{"line":29,"column":4},"end":{"line":29,"column":32}}},"fnMap":{"0":{"name":"(anonymous_0)","decl":{"start":{"line":2,"column":2},"end":{"line":2,"column":3}},"loc":{"start":{"line":2,"column":16},"end":{"line":6,"column":3}},"line":2},"1":{"name":"(anonymous_1)","decl":{"start":{"line":8,"column":2},"end":{"line":8,"column":3}},"loc":{"start":{"line":8,"column":21},"end":{"line":10,"column":3}},"line":8},"2":{"name":"(anonymous_2)","decl":{"start":{"line":12,"column":2},"end":{"line":12,"column":3}},"loc":{"start":{"line":12,"column":16},"end":{"line":14,"column":3}},"line":12},"3":{"name":"(anonymous_3)","decl":{"start":{"line":16,"column":2},"end":{"line":16,"column":3}},"loc":{"start":{"line":16,"column":21},"end":{"line":18,"column":3}},"line":16},"4":{"name":"(anonymous_4)","decl":{"start":{"line":20,"column":2},"end":{"line":20,"column":3}},"loc":{"start":{"line":20,"column":16},"end":{"line":22,"column":3}},"line":20},"5":{"name":"(anonymous_5)","decl":{"start":{"line":24,"column":2},"end":{"line":24,"column":3}},"loc":{"start":{"line":24,"column":28},"end":{"line":26,"column":3}},"line":24},"6":{"name":"(anonymous_6)","decl":{"start":{"line":28,"column":2},"end":{"line":28,"column":3}},"loc":{"start":{"line":28,"column":23},"end":{"line":30,"column":3}},"line":28}},"branchMap":{},"s":{"0":0,"1":0,"2":0,"3":0,"4":0,"5":0,"6":0,"7":0,"8":0},"f":{"0":0,"1":0,"2":0,"3":0,"4":0,"5":0,"6":0},"b":{},"_coverageSchema":"1a1c01bbd47fc00a2c39e90264f33305004495a9","hash":"4c706b6f2d213595bca71e0c886987869b73e659"}
,"/home/jamezjaz/Microverse_Projects/Platform_Game/src/Config/config.js": {"path":"/home/jamezjaz/Microverse_Projects/Platform_Game/src/Config/config.js","statementMap":{},"fnMap":{},"branchMap":{},"s":{},"f":{},"b":{},"_coverageSchema":"1a1c01bbd47fc00a2c39e90264f33305004495a9","hash":"056ef56fd27eb059c049b1730d08cfd378b836ee"}
,"/home/jamezjaz/Microverse_Projects/Platform_Game/src/Objects/Button.js": {"path":"/home/jamezjaz/Microverse_Projects/Platform_Game/src/Objects/Button.js","statementMap":{"0":{"start":{"line":5,"column":4},"end":{"line":5,"column":17}},"1":{"start":{"line":6,"column":4},"end":{"line":6,"column":23}},"2":{"start":{"line":7,"column":4},"end":{"line":7,"column":15}},"3":{"start":{"line":8,"column":4},"end":{"line":8,"column":15}},"4":{"start":{"line":10,"column":4},"end":{"line":10,"column":69}},"5":{"start":{"line":11,"column":4},"end":{"line":11,"column":84}},"6":{"start":{"line":12,"column":4},"end":{"line":12,"column":59}},"7":{"start":{"line":14,"column":4},"end":{"line":14,"column":26}},"8":{"start":{"line":15,"column":4},"end":{"line":15,"column":24}},"9":{"start":{"line":17,"column":4},"end":{"line":19,"column":18}},"10":{"start":{"line":18,"column":6},"end":{"line":18,"column":42}},"11":{"start":{"line":21,"column":4},"end":{"line":23,"column":20}},"12":{"start":{"line":22,"column":8},"end":{"line":22,"column":37}},"13":{"start":{"line":25,"column":6},"end":{"line":27,"column":20}},"14":{"start":{"line":26,"column":8},"end":{"line":26,"column":37}},"15":{"start":{"line":29,"column":6},"end":{"line":29,"column":36}}},"fnMap":{"0":{"name":"(anonymous_0)","decl":{"start":{"line":4,"column":2},"end":{"line":4,"column":3}},"loc":{"start":{"line":4,"column":58},"end":{"line":30,"column":3}},"line":4},"1":{"name":"(anonymous_1)","decl":{"start":{"line":17,"column":34},"end":{"line":17,"column":35}},"loc":{"start":{"line":17,"column":46},"end":{"line":19,"column":5}},"line":17},"2":{"name":"(anonymous_2)","decl":{"start":{"line":21,"column":34},"end":{"line":21,"column":35}},"loc":{"start":{"line":21,"column":46},"end":{"line":23,"column":7}},"line":21},"3":{"name":"(anonymous_3)","decl":{"start":{"line":25,"column":35},"end":{"line":25,"column":36}},"loc":{"start":{"line":25,"column":47},"end":{"line":27,"column":7}},"line":25}},"branchMap":{},"s":{"0":0,"1":0,"2":0,"3":0,"4":0,"5":0,"6":0,"7":0,"8":0,"9":0,"10":0,"11":0,"12":0,"13":0,"14":0,"15":0},"f":{"0":0,"1":0,"2":0,"3":0},"b":{},"_coverageSchema":"1a1c01bbd47fc00a2c39e90264f33305004495a9","hash":"48af1475e7364a5c241e152d459525209245ba63"}
,"/home/jamezjaz/Microverse_Projects/Platform_Game/src/Scenes/BootScene.js": {"path":"/home/jamezjaz/Microverse_Projects/Platform_Game/src/Scenes/BootScene.js","statementMap":{"0":{"start":{"line":5,"column":4},"end":{"line":5,"column":18}},"1":{"start":{"line":9,"column":4},"end":{"line":9,"column":58}},"2":{"start":{"line":13,"column":4},"end":{"line":13,"column":34}}},"fnMap":{"0":{"name":"(anonymous_0)","decl":{"start":{"line":4,"column":2},"end":{"line":4,"column":3}},"loc":{"start":{"line":4,"column":17},"end":{"line":6,"column":3}},"line":4},"1":{"name":"(anonymous_1)","decl":{"start":{"line":8,"column":2},"end":{"line":8,"column":3}},"loc":{"start":{"line":8,"column":13},"end":{"line":10,"column":3}},"line":8},"2":{"name":"(anonymous_2)","decl":{"start":{"line":12,"column":2},"end":{"line":12,"column":3}},"loc":{"start":{"line":12,"column":12},"end":{"line":14,"column":3}},"line":12}},"branchMap":{},"s":{"0":0,"1":0,"2":0},"f":{"0":0,"1":0,"2":0},"b":{},"_coverageSchema":"1a1c01bbd47fc00a2c39e90264f33305004495a9","hash":"2cc367e8f4884051b0c247f266a38f0f9635360f"}
,"/home/jamezjaz/Microverse_Projects/Platform_Game/src/Scenes/GameScene.js": {"path":"/home/jamezjaz/Microverse_Projects/Platform_Game/src/Scenes/GameScene.js","statementMap":{"0":{"start":{"line":9,"column":12},"end":{"line":9,"column":13}},"1":{"start":{"line":13,"column":15},"end":{"line":13,"column":20}},"2":{"start":{"line":17,"column":4},"end":{"line":17,"column":18}},"3":{"start":{"line":22,"column":4},"end":{"line":22,"column":57}},"4":{"start":{"line":23,"column":4},"end":{"line":23,"column":65}},"5":{"start":{"line":24,"column":4},"end":{"line":24,"column":59}},"6":{"start":{"line":25,"column":4},"end":{"line":25,"column":59}},"7":{"start":{"line":26,"column":4},"end":{"line":29,"column":2}},"8":{"start":{"line":33,"column":4},"end":{"line":33,"column":36}},"9":{"start":{"line":35,"column":4},"end":{"line":35,"column":47}},"10":{"start":{"line":36,"column":4},"end":{"line":36,"column":67}},"11":{"start":{"line":37,"column":4},"end":{"line":37,"column":41}},"12":{"start":{"line":38,"column":4},"end":{"line":38,"column":40}},"13":{"start":{"line":39,"column":4},"end":{"line":39,"column":41}},"14":{"start":{"line":41,"column":4},"end":{"line":41,"column":55}},"15":{"start":{"line":42,"column":4},"end":{"line":42,"column":26}},"16":{"start":{"line":43,"column":4},"end":{"line":43,"column":39}},"17":{"start":{"line":45,"column":4},"end":{"line":50,"column":7}},"18":{"start":{"line":52,"column":4},"end":{"line":56,"column":7}},"19":{"start":{"line":58,"column":4},"end":{"line":63,"column":7}},"20":{"start":{"line":65,"column":4},"end":{"line":65,"column":49}},"21":{"start":{"line":67,"column":4},"end":{"line":67,"column":53}},"22":{"start":{"line":69,"column":4},"end":{"line":73,"column":7}},"23":{"start":{"line":75,"column":4},"end":{"line":77,"column":7}},"24":{"start":{"line":76,"column":6},"end":{"line":76,"column":59}},"25":{"start":{"line":79,"column":4},"end":{"line":79,"column":48}},"26":{"start":{"line":80,"column":4},"end":{"line":80,"column":69}},"27":{"start":{"line":81,"column":4},"end":{"line":81,"column":89}},"28":{"start":{"line":82,"column":4},"end":{"line":82,"column":95}},"29":{"start":{"line":83,"column":4},"end":{"line":83,"column":32}},"30":{"start":{"line":84,"column":4},"end":{"line":84,"column":33}},"31":{"start":{"line":85,"column":4},"end":{"line":85,"column":37}},"32":{"start":{"line":86,"column":4},"end":{"line":86,"column":48}},"33":{"start":{"line":87,"column":4},"end":{"line":87,"column":66}},"34":{"start":{"line":91,"column":4},"end":{"line":104,"column":5}},"35":{"start":{"line":92,"column":6},"end":{"line":92,"column":32}},"36":{"start":{"line":93,"column":6},"end":{"line":93,"column":38}},"37":{"start":{"line":95,"column":9},"end":{"line":104,"column":5}},"38":{"start":{"line":97,"column":6},"end":{"line":97,"column":31}},"39":{"start":{"line":98,"column":6},"end":{"line":98,"column":39}},"40":{"start":{"line":102,"column":6},"end":{"line":102,"column":29}},"41":{"start":{"line":103,"column":6},"end":{"line":103,"column":32}},"42":{"start":{"line":105,"column":4},"end":{"line":108,"column":5}},"43":{"start":{"line":107,"column":6},"end":{"line":107,"column":32}},"44":{"start":{"line":112,"column":20},"end":{"line":128,"column":1}},"45":{"start":{"line":113,"column":2},"end":{"line":113,"column":31}},"46":{"start":{"line":114,"column":2},"end":{"line":114,"column":14}},"47":{"start":{"line":115,"column":2},"end":{"line":115,"column":44}},"48":{"start":{"line":117,"column":2},"end":{"line":127,"column":3}},"49":{"start":{"line":118,"column":4},"end":{"line":120,"column":7}},"50":{"start":{"line":119,"column":6},"end":{"line":119,"column":53}},"51":{"start":{"line":121,"column":12},"end":{"line":121,"column":90}},"52":{"start":{"line":122,"column":15},"end":{"line":122,"column":42}},"53":{"start":{"line":123,"column":4},"end":{"line":123,"column":22}},"54":{"start":{"line":124,"column":4},"end":{"line":124,"column":37}},"55":{"start":{"line":125,"column":4},"end":{"line":125,"column":57}},"56":{"start":{"line":126,"column":4},"end":{"line":126,"column":30}},"57":{"start":{"line":131,"column":14},"end":{"line":131,"column":19}},"58":{"start":{"line":132,"column":2},"end":{"line":132,"column":31}},"59":{"start":{"line":133,"column":2},"end":{"line":133,"column":25}},"60":{"start":{"line":134,"column":2},"end":{"line":134,"column":23}},"61":{"start":{"line":135,"column":2},"end":{"line":135,"column":27}},"62":{"start":{"line":136,"column":2},"end":{"line":136,"column":28}},"63":{"start":{"line":137,"column":2},"end":{"line":137,"column":18}},"64":{"start":{"line":138,"column":2},"end":{"line":138,"column":30}},"65":{"start":{"line":139,"column":2},"end":{"line":139,"column":12}},"66":{"start":{"line":141,"column":2},"end":{"line":141,"column":36}}},"fnMap":{"0":{"name":"(anonymous_0)","decl":{"start":{"line":16,"column":2},"end":{"line":16,"column":3}},"loc":{"start":{"line":16,"column":17},"end":{"line":18,"column":3}},"line":16},"1":{"name":"(anonymous_1)","decl":{"start":{"line":20,"column":2},"end":{"line":20,"column":3}},"loc":{"start":{"line":20,"column":13},"end":{"line":30,"column":3}},"line":20},"2":{"name":"(anonymous_2)","decl":{"start":{"line":32,"column":2},"end":{"line":32,"column":3}},"loc":{"start":{"line":32,"column":12},"end":{"line":88,"column":3}},"line":32},"3":{"name":"(anonymous_3)","decl":{"start":{"line":75,"column":27},"end":{"line":75,"column":28}},"loc":{"start":{"line":75,"column":36},"end":{"line":77,"column":5}},"line":75},"4":{"name":"(anonymous_4)","decl":{"start":{"line":90,"column":2},"end":{"line":90,"column":3}},"loc":{"start":{"line":90,"column":11},"end":{"line":109,"column":3}},"line":90},"5":{"name":"(anonymous_5)","decl":{"start":{"line":112,"column":20},"end":{"line":112,"column":21}},"loc":{"start":{"line":112,"column":38},"end":{"line":128,"column":1}},"line":112},"6":{"name":"(anonymous_6)","decl":{"start":{"line":118,"column":27},"end":{"line":118,"column":28}},"loc":{"start":{"line":118,"column":44},"end":{"line":120,"column":5}},"line":118},"7":{"name":"hitBomb","decl":{"start":{"line":130,"column":9},"end":{"line":130,"column":16}},"loc":{"start":{"line":130,"column":32},"end":{"line":142,"column":1}},"line":130}},"branchMap":{"0":{"loc":{"start":{"line":91,"column":4},"end":{"line":104,"column":5}},"type":"if","locations":[{"start":{"line":91,"column":4},"end":{"line":104,"column":5}},{"start":{"line":91,"column":4},"end":{"line":104,"column":5}}],"line":91},"1":{"loc":{"start":{"line":95,"column":9},"end":{"line":104,"column":5}},"type":"if","locations":[{"start":{"line":95,"column":9},"end":{"line":104,"column":5}},{"start":{"line":95,"column":9},"end":{"line":104,"column":5}}],"line":95},"2":{"loc":{"start":{"line":105,"column":4},"end":{"line":108,"column":5}},"type":"if","locations":[{"start":{"line":105,"column":4},"end":{"line":108,"column":5}},{"start":{"line":105,"column":4},"end":{"line":108,"column":5}}],"line":105},"3":{"loc":{"start":{"line":105,"column":8},"end":{"line":105,"column":54}},"type":"binary-expr","locations":[{"start":{"line":105,"column":8},"end":{"line":105,"column":25}},{"start":{"line":105,"column":29},"end":{"line":105,"column":54}}],"line":105},"4":{"loc":{"start":{"line":117,"column":2},"end":{"line":127,"column":3}},"type":"if","locations":[{"start":{"line":117,"column":2},"end":{"line":127,"column":3}},{"start":{"line":117,"column":2},"end":{"line":127,"column":3}}],"line":117},"5":{"loc":{"start":{"line":121,"column":12},"end":{"line":121,"column":90}},"type":"cond-expr","locations":[{"start":{"line":121,"column":31},"end":{"line":121,"column":60}},{"start":{"line":121,"column":63},"end":{"line":121,"column":90}}],"line":121}},"s":{"0":1,"1":1,"2":0,"3":0,"4":0,"5":0,"6":0,"7":0,"8":0,"9":0,"10":0,"11":0,"12":0,"13":0,"14":0,"15":0,"16":0,"17":0,"18":0,"19":0,"20":0,"21":0,"22":0,"23":0,"24":0,"25":0,"26":0,"27":0,"28":0,"29":0,"30":0,"31":0,"32":0,"33":0,"34":0,"35":0,"36":0,"37":0,"38":0,"39":0,"40":0,"41":0,"42":0,"43":0,"44":1,"45":0,"46":0,"47":0,"48":0,"49":0,"50":0,"51":0,"52":0,"53":0,"54":0,"55":0,"56":0,"57":0,"58":0,"59":0,"60":0,"61":0,"62":0,"63":0,"64":0,"65":0,"66":0},"f":{"0":0,"1":0,"2":0,"3":0,"4":0,"5":0,"6":0,"7":0},"b":{"0":[0,0],"1":[0,0],"2":[0,0],"3":[0,0],"4":[0,0],"5":[0,0]},"_coverageSchema":"1a1c01bbd47fc00a2c39e90264f33305004495a9","hash":"fa677224eb235558edc3ae8ec7a3bf0c59dbc9c8"}
,"/home/jamezjaz/Microverse_Projects/Platform_Game/src/Scenes/OptionsScene.js": {"path":"/home/jamezjaz/Microverse_Projects/Platform_Game/src/Scenes/OptionsScene.js","statementMap":{"0":{"start":{"line":6,"column":4},"end":{"line":6,"column":21}},"1":{"start":{"line":13,"column":4},"end":{"line":13,"column":45}},"2":{"start":{"line":15,"column":4},"end":{"line":15,"column":69}},"3":{"start":{"line":16,"column":4},"end":{"line":16,"column":62}},"4":{"start":{"line":17,"column":4},"end":{"line":17,"column":80}},"5":{"start":{"line":19,"column":4},"end":{"line":19,"column":62}},"6":{"start":{"line":20,"column":4},"end":{"line":20,"column":80}},"7":{"start":{"line":22,"column":4},"end":{"line":22,"column":38}},"8":{"start":{"line":23,"column":4},"end":{"line":23,"column":38}},"9":{"start":{"line":25,"column":4},"end":{"line":28,"column":18}},"10":{"start":{"line":26,"column":6},"end":{"line":26,"column":47}},"11":{"start":{"line":27,"column":6},"end":{"line":27,"column":25}},"12":{"start":{"line":30,"column":4},"end":{"line":33,"column":18}},"13":{"start":{"line":31,"column":6},"end":{"line":31,"column":47}},"14":{"start":{"line":32,"column":6},"end":{"line":32,"column":25}},"15":{"start":{"line":35,"column":4},"end":{"line":35,"column":96}},"16":{"start":{"line":37,"column":4},"end":{"line":37,"column":23}},"17":{"start":{"line":39,"column":4},"end":{"line":39,"column":58}},"18":{"start":{"line":43,"column":4},"end":{"line":53,"column":5}},"19":{"start":{"line":44,"column":6},"end":{"line":44,"column":41}},"20":{"start":{"line":45,"column":6},"end":{"line":45,"column":43}},"21":{"start":{"line":46,"column":6},"end":{"line":46,"column":40}},"22":{"start":{"line":48,"column":6},"end":{"line":48,"column":48}},"23":{"start":{"line":49,"column":6},"end":{"line":52,"column":7}},"24":{"start":{"line":50,"column":8},"end":{"line":50,"column":45}},"25":{"start":{"line":51,"column":8},"end":{"line":51,"column":41}},"26":{"start":{"line":55,"column":4},"end":{"line":59,"column":5}},"27":{"start":{"line":56,"column":6},"end":{"line":56,"column":41}},"28":{"start":{"line":58,"column":6},"end":{"line":58,"column":48}}},"fnMap":{"0":{"name":"(anonymous_0)","decl":{"start":{"line":5,"column":2},"end":{"line":5,"column":3}},"loc":{"start":{"line":5,"column":17},"end":{"line":7,"column":3}},"line":5},"1":{"name":"(anonymous_1)","decl":{"start":{"line":12,"column":2},"end":{"line":12,"column":3}},"loc":{"start":{"line":12,"column":12},"end":{"line":40,"column":3}},"line":12},"2":{"name":"(anonymous_2)","decl":{"start":{"line":25,"column":39},"end":{"line":25,"column":40}},"loc":{"start":{"line":25,"column":51},"end":{"line":28,"column":5}},"line":25},"3":{"name":"(anonymous_3)","decl":{"start":{"line":30,"column":39},"end":{"line":30,"column":40}},"loc":{"start":{"line":30,"column":51},"end":{"line":33,"column":5}},"line":30},"4":{"name":"(anonymous_4)","decl":{"start":{"line":42,"column":2},"end":{"line":42,"column":3}},"loc":{"start":{"line":42,"column":16},"end":{"line":60,"column":3}},"line":42}},"branchMap":{"0":{"loc":{"start":{"line":43,"column":4},"end":{"line":53,"column":5}},"type":"if","locations":[{"start":{"line":43,"column":4},"end":{"line":53,"column":5}},{"start":{"line":43,"column":4},"end":{"line":53,"column":5}}],"line":43},"1":{"loc":{"start":{"line":49,"column":6},"end":{"line":52,"column":7}},"type":"if","locations":[{"start":{"line":49,"column":6},"end":{"line":52,"column":7}},{"start":{"line":49,"column":6},"end":{"line":52,"column":7}}],"line":49},"2":{"loc":{"start":{"line":55,"column":4},"end":{"line":59,"column":5}},"type":"if","locations":[{"start":{"line":55,"column":4},"end":{"line":59,"column":5}},{"start":{"line":55,"column":4},"end":{"line":59,"column":5}}],"line":55}},"s":{"0":0,"1":0,"2":0,"3":0,"4":0,"5":0,"6":0,"7":0,"8":0,"9":0,"10":0,"11":0,"12":0,"13":0,"14":0,"15":0,"16":0,"17":0,"18":0,"19":0,"20":0,"21":0,"22":0,"23":0,"24":0,"25":0,"26":0,"27":0,"28":0},"f":{"0":0,"1":0,"2":0,"3":0,"4":0},"b":{"0":[0,0],"1":[0,0],"2":[0,0]},"_coverageSchema":"1a1c01bbd47fc00a2c39e90264f33305004495a9","hash":"d2e3468ff07460a97048512527365c96344c6d63"}
,"/home/jamezjaz/Microverse_Projects/Platform_Game/src/Scenes/PreloaderScene.js": {"path":"/home/jamezjaz/Microverse_Projects/Platform_Game/src/Scenes/PreloaderScene.js","statementMap":{"0":{"start":{"line":5,"column":4},"end":{"line":5,"column":23}},"1":{"start":{"line":10,"column":4},"end":{"line":10,"column":37}},"2":{"start":{"line":13,"column":24},"end":{"line":13,"column":44}},"3":{"start":{"line":14,"column":24},"end":{"line":14,"column":43}},"4":{"start":{"line":15,"column":4},"end":{"line":15,"column":41}},"5":{"start":{"line":16,"column":4},"end":{"line":16,"column":44}},"6":{"start":{"line":18,"column":18},"end":{"line":18,"column":41}},"7":{"start":{"line":19,"column":19},"end":{"line":19,"column":43}},"8":{"start":{"line":20,"column":24},"end":{"line":28,"column":6}},"9":{"start":{"line":29,"column":4},"end":{"line":29,"column":36}},"10":{"start":{"line":31,"column":24},"end":{"line":39,"column":6}},"11":{"start":{"line":40,"column":4},"end":{"line":40,"column":36}},"12":{"start":{"line":42,"column":22},"end":{"line":50,"column":6}},"13":{"start":{"line":51,"column":4},"end":{"line":51,"column":34}},"14":{"start":{"line":54,"column":4},"end":{"line":59,"column":7}},"15":{"start":{"line":55,"column":6},"end":{"line":55,"column":55}},"16":{"start":{"line":56,"column":6},"end":{"line":56,"column":26}},"17":{"start":{"line":57,"column":6},"end":{"line":57,"column":41}},"18":{"start":{"line":58,"column":6},"end":{"line":58,"column":54}},"19":{"start":{"line":62,"column":4},"end":{"line":64,"column":7}},"20":{"start":{"line":63,"column":6},"end":{"line":63,"column":54}},"21":{"start":{"line":76,"column":4},"end":{"line":83,"column":16}},"22":{"start":{"line":77,"column":4},"end":{"line":77,"column":26}},"23":{"start":{"line":78,"column":4},"end":{"line":78,"column":26}},"24":{"start":{"line":79,"column":4},"end":{"line":79,"column":26}},"25":{"start":{"line":80,"column":4},"end":{"line":80,"column":26}},"26":{"start":{"line":81,"column":4},"end":{"line":81,"column":24}},"27":{"start":{"line":82,"column":4},"end":{"line":82,"column":17}},"28":{"start":{"line":85,"column":2},"end":{"line":85,"column":70}},"29":{"start":{"line":88,"column":4},"end":{"line":88,"column":73}},"30":{"start":{"line":89,"column":4},"end":{"line":89,"column":73}},"31":{"start":{"line":90,"column":4},"end":{"line":90,"column":54}},"32":{"start":{"line":92,"column":4},"end":{"line":92,"column":60}},"33":{"start":{"line":93,"column":4},"end":{"line":93,"column":76}},"34":{"start":{"line":94,"column":4},"end":{"line":94,"column":68}},"35":{"start":{"line":95,"column":4},"end":{"line":95,"column":63}},"36":{"start":{"line":96,"column":4},"end":{"line":96,"column":67}},"37":{"start":{"line":100,"column":4},"end":{"line":100,"column":24}},"38":{"start":{"line":104,"column":4},"end":{"line":104,"column":30}},"39":{"start":{"line":108,"column":4},"end":{"line":108,"column":22}},"40":{"start":{"line":109,"column":4},"end":{"line":111,"column":5}},"41":{"start":{"line":110,"column":6},"end":{"line":110,"column":32}}},"fnMap":{"0":{"name":"(anonymous_0)","decl":{"start":{"line":4,"column":2},"end":{"line":4,"column":3}},"loc":{"start":{"line":4,"column":17},"end":{"line":6,"column":3}},"line":4},"1":{"name":"(anonymous_1)","decl":{"start":{"line":8,"column":2},"end":{"line":8,"column":3}},"loc":{"start":{"line":8,"column":13},"end":{"line":97,"column":5}},"line":8},"2":{"name":"(anonymous_2)","decl":{"start":{"line":54,"column":29},"end":{"line":54,"column":30}},"loc":{"start":{"line":54,"column":46},"end":{"line":59,"column":5}},"line":54},"3":{"name":"(anonymous_3)","decl":{"start":{"line":62,"column":33},"end":{"line":62,"column":34}},"loc":{"start":{"line":62,"column":49},"end":{"line":64,"column":5}},"line":62},"4":{"name":"(anonymous_4)","decl":{"start":{"line":76,"column":29},"end":{"line":76,"column":30}},"loc":{"start":{"line":76,"column":41},"end":{"line":83,"column":3}},"line":76},"5":{"name":"(anonymous_5)","decl":{"start":{"line":99,"column":2},"end":{"line":99,"column":3}},"loc":{"start":{"line":99,"column":10},"end":{"line":101,"column":3}},"line":99},"6":{"name":"(anonymous_6)","decl":{"start":{"line":103,"column":2},"end":{"line":103,"column":3}},"loc":{"start":{"line":103,"column":11},"end":{"line":112,"column":3}},"line":103},"7":{"name":"(anonymous_7)","decl":{"start":{"line":114,"column":2},"end":{"line":114,"column":3}},"loc":{"start":{"line":114,"column":12},"end":{"line":115,"column":3}},"line":114}},"branchMap":{"0":{"loc":{"start":{"line":109,"column":4},"end":{"line":111,"column":5}},"type":"if","locations":[{"start":{"line":109,"column":4},"end":{"line":111,"column":5}},{"start":{"line":109,"column":4},"end":{"line":111,"column":5}}],"line":109}},"s":{"0":0,"1":0,"2":0,"3":0,"4":0,"5":0,"6":0,"7":0,"8":0,"9":0,"10":0,"11":0,"12":0,"13":0,"14":0,"15":0,"16":0,"17":0,"18":0,"19":0,"20":0,"21":0,"22":0,"23":0,"24":0,"25":0,"26":0,"27":0,"28":0,"29":0,"30":0,"31":0,"32":0,"33":0,"34":0,"35":0,"36":0,"37":0,"38":0,"39":0,"40":0,"41":0},"f":{"0":0,"1":0,"2":0,"3":0,"4":0,"5":0,"6":0,"7":0},"b":{"0":[0,0]},"_coverageSchema":"1a1c01bbd47fc00a2c39e90264f33305004495a9","hash":"c3cf2217e84640f24ad315d92a3f78807850a54a"}
,"/home/jamezjaz/Microverse_Projects/Platform_Game/src/Scenes/TitleScene.js": {"path":"/home/jamezjaz/Microverse_Projects/Platform_Game/src/Scenes/TitleScene.js","statementMap":{"0":{"start":{"line":7,"column":4},"end":{"line":7,"column":19}},"1":{"start":{"line":16,"column":4},"end":{"line":16,"column":125}},"2":{"start":{"line":19,"column":4},"end":{"line":19,"column":132}},"3":{"start":{"line":22,"column":4},"end":{"line":22,"column":132}},"4":{"start":{"line":25,"column":4},"end":{"line":25,"column":141}},"5":{"start":{"line":28,"column":4},"end":{"line":28,"column":45}},"6":{"start":{"line":29,"column":4},"end":{"line":34,"column":5}},"7":{"start":{"line":30,"column":6},"end":{"line":30,"column":76}},"8":{"start":{"line":31,"column":6},"end":{"line":31,"column":26}},"9":{"start":{"line":32,"column":6},"end":{"line":32,"column":39}},"10":{"start":{"line":33,"column":6},"end":{"line":33,"column":51}},"11":{"start":{"line":36,"column":4},"end":{"line":36,"column":56}}},"fnMap":{"0":{"name":"(anonymous_0)","decl":{"start":{"line":6,"column":2},"end":{"line":6,"column":3}},"loc":{"start":{"line":6,"column":17},"end":{"line":8,"column":3}},"line":6},"1":{"name":"(anonymous_1)","decl":{"start":{"line":14,"column":2},"end":{"line":14,"column":3}},"loc":{"start":{"line":14,"column":12},"end":{"line":37,"column":3}},"line":14}},"branchMap":{"0":{"loc":{"start":{"line":29,"column":4},"end":{"line":34,"column":5}},"type":"if","locations":[{"start":{"line":29,"column":4},"end":{"line":34,"column":5}},{"start":{"line":29,"column":4},"end":{"line":34,"column":5}}],"line":29},"1":{"loc":{"start":{"line":29,"column":8},"end":{"line":29,"column":74}},"type":"binary-expr","locations":[{"start":{"line":29,"column":8},"end":{"line":29,"column":35}},{"start":{"line":29,"column":39},"end":{"line":29,"column":74}}],"line":29}},"s":{"0":0,"1":0,"2":0,"3":0,"4":0,"5":0,"6":0,"7":0,"8":0,"9":0,"10":0,"11":0},"f":{"0":0,"1":0},"b":{"0":[0,0],"1":[0,0]},"_coverageSchema":"1a1c01bbd47fc00a2c39e90264f33305004495a9","hash":"58b8d6e2341284d77e2f4d2467bb2f8d7cae90cb"}
,"/home/jamezjaz/Microverse_Projects/Platform_Game/src/modules/scoreAPI.js": {"path":"/home/jamezjaz/Microverse_Projects/Platform_Game/src/modules/scoreAPI.js","statementMap":{"0":{"start":{"line":1,"column":19},"end":{"line":55,"column":5}},"1":{"start":{"line":4,"column":16},"end":{"line":4,"column":38}},"2":{"start":{"line":5,"column":16},"end":{"line":5,"column":101}},"3":{"start":{"line":6,"column":17},"end":{"line":6,"column":19}},"4":{"start":{"line":10,"column":21},"end":{"line":10,"column":25}},"5":{"start":{"line":11,"column":6},"end":{"line":25,"column":7}},"6":{"start":{"line":12,"column":25},"end":{"line":19,"column":10}},"7":{"start":{"line":21,"column":21},"end":{"line":21,"column":42}},"8":{"start":{"line":22,"column":8},"end":{"line":22,"column":19}},"9":{"start":{"line":24,"column":8},"end":{"line":24,"column":60}},"10":{"start":{"line":29,"column":6},"end":{"line":35,"column":7}},"11":{"start":{"line":30,"column":25},"end":{"line":30,"column":41}},"12":{"start":{"line":31,"column":21},"end":{"line":31,"column":42}},"13":{"start":{"line":32,"column":8},"end":{"line":32,"column":19}},"14":{"start":{"line":34,"column":8},"end":{"line":34,"column":27}},"15":{"start":{"line":38,"column":23},"end":{"line":41,"column":5}},"16":{"start":{"line":39,"column":6},"end":{"line":39,"column":22}},"17":{"start":{"line":40,"column":6},"end":{"line":40,"column":24}},"18":{"start":{"line":43,"column":24},"end":{"line":46,"column":5}},"19":{"start":{"line":44,"column":6},"end":{"line":44,"column":24}},"20":{"start":{"line":45,"column":6},"end":{"line":45,"column":25}},"21":{"start":{"line":48,"column":4},"end":{"line":53,"column":5}}},"fnMap":{"0":{"name":"(anonymous_0)","decl":{"start":{"line":1,"column":19},"end":{"line":1,"column":20}},"loc":{"start":{"line":1,"column":30},"end":{"line":55,"column":3}},"line":1},"1":{"name":"postScores","decl":{"start":{"line":9,"column":19},"end":{"line":9,"column":29}},"loc":{"start":{"line":9,"column":31},"end":{"line":26,"column":5}},"line":9},"2":{"name":"getScores","decl":{"start":{"line":28,"column":19},"end":{"line":28,"column":28}},"loc":{"start":{"line":28,"column":30},"end":{"line":36,"column":5}},"line":28},"3":{"name":"(anonymous_3)","decl":{"start":{"line":38,"column":23},"end":{"line":38,"column":24}},"loc":{"start":{"line":38,"column":33},"end":{"line":41,"column":5}},"line":38},"4":{"name":"(anonymous_4)","decl":{"start":{"line":43,"column":24},"end":{"line":43,"column":25}},"loc":{"start":{"line":43,"column":35},"end":{"line":46,"column":5}},"line":43}},"branchMap":{},"s":{"0":2,"1":2,"2":2,"3":2,"4":5,"5":5,"6":5,"7":0,"8":0,"9":5,"10":2,"11":2,"12":0,"13":0,"14":2,"15":2,"16":0,"17":0,"18":2,"19":0,"20":0,"21":2},"f":{"0":2,"1":5,"2":2,"3":0,"4":0},"b":{},"_coverageSchema":"1a1c01bbd47fc00a2c39e90264f33305004495a9","hash":"220b210851772dcb6e35d312a65e898cc93e26cb"}
}
