TN:
SF:src/Model.js
FN:2,(anonymous_0)
FN:8,(anonymous_1)
FN:12,(anonymous_2)
FN:16,(anonymous_3)
FN:20,(anonymous_4)
FN:24,(anonymous_5)
FN:28,(anonymous_6)
FNF:7
FNH:0
FNDA:0,(anonymous_0)
FNDA:0,(anonymous_1)
FNDA:0,(anonymous_2)
FNDA:0,(anonymous_3)
FNDA:0,(anonymous_4)
FNDA:0,(anonymous_5)
FNDA:0,(anonymous_6)
DA:3,0
DA:4,0
DA:5,0
DA:9,0
DA:13,0
DA:17,0
DA:21,0
DA:25,0
DA:29,0
LF:9
LH:0
BRF:0
BRH:0
end_of_record
TN:
SF:src/modules/scoreAPI.js
FN:1,(anonymous_0)
FN:9,postScores
FN:28,getScores
FN:38,(anonymous_3)
FN:43,(anonymous_4)
FNF:5
FNH:3
FNDA:1,(anonymous_0)
FNDA:5,postScores
FNDA:2,getScores
FNDA:0,(anonymous_3)
FNDA:0,(anonymous_4)
DA:1,1
DA:4,1
DA:5,1
DA:6,1
DA:10,5
DA:11,5
DA:12,5
DA:21,0
DA:22,0
DA:24,5
DA:29,2
DA:30,2
DA:31,0
DA:32,0
DA:34,2
DA:38,1
DA:39,0
DA:40,0
DA:43,1
DA:44,0
DA:45,0
DA:48,1
LF:22
LH:14
BRF:0
BRH:0
end_of_record
